0 info it worked if it ends with ok
1 verbose cli [ '/home/khoinh/.nvm/versions/node/v5.6.0/bin/node',
1 verbose cli   '/home/khoinh/.nvm/versions/node/v5.6.0/bin/npm',
1 verbose cli   'run',
1 verbose cli   'deploy' ]
2 info using npm@3.6.0
3 info using node@v5.6.0
4 verbose run-script [ 'predeploy', 'deploy', 'postdeploy' ]
5 info lifecycle app@1.0.0~predeploy: app@1.0.0
6 silly lifecycle app@1.0.0~predeploy: no script for predeploy, continuing
7 info lifecycle app@1.0.0~deploy: app@1.0.0
8 verbose lifecycle app@1.0.0~deploy: unsafe-perm in lifecycle true
9 verbose lifecycle app@1.0.0~deploy: PATH: /home/khoinh/.nvm/versions/node/v5.6.0/lib/node_modules/npm/bin/node-gyp-bin:/home/khoinh/WorkSpace/Projects/Demo/AurityCodeChallenge/app/node_modules/.bin:/home/khoinh/.nvm/versions/node/v5.6.0/bin:/usr/lib/jvm/java-8-openjdk-amd64/bin:/home/khoinh/Tools/Apache/apache-maven-3.3.9/bin:/home/khoinh/Tools/Apache/spark/bin:/home/khoinh/Tools/Scala/scala-2.10.4/bin:/usr/local/sbin:/usr/local/bin:/usr/sbin:/usr/bin:/sbin:/bin:/usr/games:/usr/local/games::/snap/bin:/home/khoinh/bin
10 verbose lifecycle app@1.0.0~deploy: CWD: /home/khoinh/WorkSpace/Projects/Demo/AurityCodeChallenge/app
11 silly lifecycle app@1.0.0~deploy: Args: [ '-c', 'node main.js' ]
12 silly lifecycle app@1.0.0~deploy: Returned: code: 1  signal: null
13 info lifecycle app@1.0.0~deploy: Failed to exec deploy script
14 verbose stack Error: app@1.0.0 deploy: `node main.js`
14 verbose stack Exit status 1
14 verbose stack     at EventEmitter.<anonymous> (/home/khoinh/.nvm/versions/node/v5.6.0/lib/node_modules/npm/lib/utils/lifecycle.js:232:16)
14 verbose stack     at emitTwo (events.js:100:13)
14 verbose stack     at EventEmitter.emit (events.js:185:7)
14 verbose stack     at ChildProcess.<anonymous> (/home/khoinh/.nvm/versions/node/v5.6.0/lib/node_modules/npm/lib/utils/spawn.js:24:14)
14 verbose stack     at emitTwo (events.js:100:13)
14 verbose stack     at ChildProcess.emit (events.js:185:7)
14 verbose stack     at maybeClose (internal/child_process.js:827:16)
14 verbose stack     at Process.ChildProcess._handle.onexit (internal/child_process.js:211:5)
15 verbose pkgid app@1.0.0
16 verbose cwd /home/khoinh/WorkSpace/Projects/Demo/AurityCodeChallenge/app
17 error Linux 4.4.0-78-generic
18 error argv "/home/khoinh/.nvm/versions/node/v5.6.0/bin/node" "/home/khoinh/.nvm/versions/node/v5.6.0/bin/npm" "run" "deploy"
19 error node v5.6.0
20 error npm  v3.6.0
21 error code ELIFECYCLE
22 error app@1.0.0 deploy: `node main.js`
22 error Exit status 1
23 error Failed at the app@1.0.0 deploy script 'node main.js'.
23 error Make sure you have the latest version of node.js and npm installed.
23 error If you do, this is most likely a problem with the app package,
23 error not with npm itself.
23 error Tell the author that this fails on your system:
23 error     node main.js
23 error You can get information on how to open an issue for this project with:
23 error     npm bugs app
23 error Or if that isn't available, you can get their info via:
23 error     npm owner ls app
23 error There is likely additional logging output above.
24 verbose exit [ 1, true ]
